<?xml version="1.0" encoding="UTF-8"?>
<!-- Generated by org.testng.reporters.JUnitXMLReporter -->
<testsuite hostname="Dark" ignored="0" name="Test1" tests="4" failures="0" timestamp="2022-06-27T18:43:13 EET" time="13.466" errors="0">
  <testcase name="testFailedLogin" time="0.425" classname="com.kamar.testing.LoginAndHomePages"/>
  <testcase name="testAdminLogin" time="0.358" classname="com.kamar.testing.LoginAndHomePages"/>
  <testcase name="testLogOut" time="0.08" classname="com.kamar.testing.LoginAndHomePages"/>
  <testcase name="testSuccessfulRegister" time="1.52" classname="com.kamar.testing.RegisterPage"/>
</testsuite> <!-- Test1 -->
